<?xml version="1.0" encoding="utf-8"?>
<?AutomationStudio Version="4.12.2.93"?>
<Objects>
  <Object
    Path="C:\repos\local\FactoryIO_Storage\Logical\Package.pkg"
    LogicalPath=""
    Type="Package.ParentUnknown"
    LastWriteTime="133466271988806216" />
  <Object
    Path="C:\repos\local\FactoryIO_Storage\Logical\Global.typ"
    LogicalPath="Global.typ"
    Type="File"
    LastWriteTime="133466179932787649"
    Private="false" />
  <Object
    Path="C:\repos\local\FactoryIO_Storage\Logical\Global.var"
    LogicalPath="Global.var"
    Type="File"
    LastWriteTime="133466254223518931"
    Private="false" />
  <Object
    Path="C:\repos\local\FactoryIO_Storage\Logical\Libraries\Package.pkg"
    LogicalPath="Libraries"
    Type="Package"
    LastWriteTime="133466179968442153" />
  <Object
    Path="C:\repos\local\FactoryIO_Storage\Logical\Libraries\operator\binary.lby"
    LogicalPath="Libraries.operator"
    Type="Library"
    LastWriteTime="133466179959291255" />
  <Object
    Path="C:\repos\local\FactoryIO_Storage\Logical\Libraries\operator\operator.fun"
    LogicalPath="Libraries.operator.operator.fun"
    Type="File"
    LastWriteTime="133466179959251359"
    Private="false" />
  <Object
    Path="C:\repos\local\FactoryIO_Storage\Logical\Libraries\operator\operator.typ"
    LogicalPath="Libraries.operator.operator.typ"
    Type="File"
    LastWriteTime="133466179959281282"
    Private="false" />
  <Object
    Path="C:\repos\local\FactoryIO_Storage\Logical\Libraries\operator\operator.var"
    LogicalPath="Libraries.operator.operator.var"
    Type="File"
    LastWriteTime="133466179959291255"
    Private="false" />
  <Object
    Path="C:\repos\local\FactoryIO_Storage\Logical\Libraries\runtime\binary.lby"
    LogicalPath="Libraries.runtime"
    Type="Library"
    LastWriteTime="133466179962265166" />
  <Object
    Path="C:\repos\local\FactoryIO_Storage\Logical\Libraries\runtime\runtime.fun"
    LogicalPath="Libraries.runtime.runtime.fun"
    Type="File"
    LastWriteTime="133466179962225274"
    Private="false" />
  <Object
    Path="C:\repos\local\FactoryIO_Storage\Logical\Libraries\runtime\runtime.typ"
    LogicalPath="Libraries.runtime.runtime.typ"
    Type="File"
    LastWriteTime="133466179962245221"
    Private="false" />
  <Object
    Path="C:\repos\local\FactoryIO_Storage\Logical\Libraries\runtime\runtime.var"
    LogicalPath="Libraries.runtime.runtime.var"
    Type="File"
    LastWriteTime="133466179962255193"
    Private="false" />
  <Object
    Path="C:\repos\local\FactoryIO_Storage\Logical\Libraries\astime\binary.lby"
    LogicalPath="Libraries.astime"
    Type="Library"
    LastWriteTime="133466179965345581" />
  <Object
    Path="C:\repos\local\FactoryIO_Storage\Logical\Libraries\astime\astime.fun"
    LogicalPath="Libraries.astime.astime.fun"
    Type="File"
    LastWriteTime="133466179965315691"
    Private="false" />
  <Object
    Path="C:\repos\local\FactoryIO_Storage\Logical\Libraries\astime\astime.typ"
    LogicalPath="Libraries.astime.astime.typ"
    Type="File"
    LastWriteTime="133466179965325635"
    Private="false" />
  <Object
    Path="C:\repos\local\FactoryIO_Storage\Logical\Libraries\astime\astime.var"
    LogicalPath="Libraries.astime.astime.var"
    Type="File"
    LastWriteTime="133466179965345581"
    Private="false" />
  <Object
    Path="C:\repos\local\FactoryIO_Storage\Logical\Libraries\AsIecCon\binary.lby"
    LogicalPath="Libraries.AsIecCon"
    Type="Library"
    LastWriteTime="133466179968402262" />
  <Object
    Path="C:\repos\local\FactoryIO_Storage\Logical\Libraries\AsIecCon\AsIecCon.fun"
    LogicalPath="Libraries.AsIecCon.AsIecCon.fun"
    Type="File"
    LastWriteTime="133466179968372346"
    Private="false" />
  <Object
    Path="C:\repos\local\FactoryIO_Storage\Logical\Libraries\AsIecCon\AsIecCon.typ"
    LogicalPath="Libraries.AsIecCon.AsIecCon.typ"
    Type="File"
    LastWriteTime="133466179968382312"
    Private="false" />
  <Object
    Path="C:\repos\local\FactoryIO_Storage\Logical\Libraries\AsIecCon\AsIecCon.var"
    LogicalPath="Libraries.AsIecCon.AsIecCon.var"
    Type="File"
    LastWriteTime="133466179968392294"
    Private="false" />
  <Object
    Path="C:\repos\local\FactoryIO_Storage\Logical\Program\IEC.prg"
    LogicalPath="Program"
    Type="Program"
    LastWriteTime="133466196493181084" />
  <Object
    Path="C:\repos\local\FactoryIO_Storage\Logical\Program\Cyclic.st"
    LogicalPath="Program.Cyclic.st"
    Type="File"
    LastWriteTime="133466819505929508"
    Private="false" />
  <Object
    Path="C:\repos\local\FactoryIO_Storage\Logical\Program\Init.st"
    LogicalPath="Program.Init.st"
    Type="File"
    LastWriteTime="133466219020682793"
    Private="false" />
  <Object
    Path="C:\repos\local\FactoryIO_Storage\Logical\Program\Exit.st"
    LogicalPath="Program.Exit.st"
    Type="File"
    LastWriteTime="133466196493151161"
    Private="false" />
  <Object
    Path="C:\repos\local\FactoryIO_Storage\Logical\Program\Types.typ"
    LogicalPath="Program.Types.typ"
    Type="File"
    LastWriteTime="133466196493161129"
    Private="true" />
  <Object
    Path="C:\repos\local\FactoryIO_Storage\Logical\Program\Variables.var"
    LogicalPath="Program.Variables.var"
    Type="File"
    LastWriteTime="133466819146113274"
    Private="true" />
  <Object
    Path="C:\repos\local\FactoryIO_Storage\Logical\mappView\Package.pkg"
    LogicalPath="mappView"
    Type="Package"
    LastWriteTime="133466234418607388" />
  <Object
    Path="C:\repos\local\FactoryIO_Storage\Logical\mappView\Layouts\Package.pkg"
    LogicalPath="mappView.Layouts"
    Type="Package"
    LastWriteTime="133466252831371291" />
  <Object
    Path="C:\repos\local\FactoryIO_Storage\Logical\mappView\Layouts\Landscape16_9.layout"
    LogicalPath="mappView.Layouts.Landscape16_9.layout"
    Type="File"
    LastWriteTime="133466254224719087"
    Private="false" />
  <Object
    Path="C:\repos\local\FactoryIO_Storage\Logical\mappView\Layouts\LocalizableTexts.tmx"
    LogicalPath="mappView.Layouts.LocalizableTexts.tmx"
    Type="File"
    LastWriteTime="133466252831361315"
    Private="false" />
  <Object
    Path="C:\repos\local\FactoryIO_Storage\Logical\mappView\Widgets\Package.pkg"
    LogicalPath="mappView.Widgets"
    Type="Package"
    LastWriteTime="133466252211235709" />
  <Object
    Path="C:\repos\local\FactoryIO_Storage\Logical\mappView\Widgets\WidgetLib\Package.pkg"
    LogicalPath="mappView.Widgets.WidgetLib"
    Type="Package"
    LastWriteTime="133466252211235709" />
  <Object
    Path="C:\repos\local\FactoryIO_Storage\Logical\mappView\Widgets\WidgetLib\Description.widgetlibrary"
    LogicalPath="mappView.Widgets.WidgetLib.Description.widgetlibrary"
    Type="File"
    LastWriteTime="133466252211165888"
    Private="false" />
  <Object
    Path="C:\repos\local\FactoryIO_Storage\Logical\mappView\Widgets\WidgetLib\Resources\Package.pkg"
    LogicalPath="mappView.Widgets.WidgetLib.Resources"
    Type="Package"
    LastWriteTime="133466252211225721" />
  <Object
    Path="C:\repos\local\FactoryIO_Storage\Logical\mappView\Widgets\WidgetLib\Resources\Texts\Package.pkg"
    LogicalPath="mappView.Widgets.WidgetLib.Resources.Texts"
    Type="Package"
    LastWriteTime="133466252211205779" />
  <Object
    Path="C:\repos\local\FactoryIO_Storage\Logical\mappView\Widgets\WidgetLib\Resources\Media\Package.pkg"
    LogicalPath="mappView.Widgets.WidgetLib.Resources.Media"
    Type="Package"
    LastWriteTime="133466252211225721" />
  <Object
    Path="C:\repos\local\FactoryIO_Storage\Logical\mappView\Resources\Package.pkg"
    LogicalPath="mappView.Resources"
    Type="Package"
    LastWriteTime="133466234418607388" />
  <Object
    Path="C:\repos\local\FactoryIO_Storage\Logical\mappView\Resources\Texts\Package.pkg"
    LogicalPath="mappView.Resources.Texts"
    Type="Package"
    LastWriteTime="133466234418527616" />
  <Object
    Path="C:\repos\local\FactoryIO_Storage\Logical\mappView\Resources\Snippets\Package.pkg"
    LogicalPath="mappView.Resources.Snippets"
    Type="Package"
    LastWriteTime="133466234418547557" />
  <Object
    Path="C:\repos\local\FactoryIO_Storage\Logical\mappView\Resources\Themes\Package.pkg"
    LogicalPath="mappView.Resources.Themes"
    Type="Package"
    LastWriteTime="133466234418577465" />
  <Object
    Path="C:\repos\local\FactoryIO_Storage\Logical\mappView\Resources\Media\Package.pkg"
    LogicalPath="mappView.Resources.Media"
    Type="Package"
    LastWriteTime="133466252506823850" />
  <Object
    Path="C:\repos\local\FactoryIO_Storage\Logical\mappView\Resources\Media\SymbolLibSkyline\Package.pkg"
    LogicalPath="mappView.Resources.Media.SymbolLibSkyline"
    Type="Package"
    LastWriteTime="133466252506823850" />
  <Object
    Path="C:\repos\local\FactoryIO_Storage\Logical\mappView\Resources\Media\SymbolLibSkyline\Notification\Package.pkg"
    LogicalPath="mappView.Resources.Media.SymbolLibSkyline.Notification"
    Type="Package"
    LastWriteTime="133466252506664274" />
  <Object
    Path="C:\repos\local\FactoryIO_Storage\Logical\mappView\Resources\Media\SymbolLibSkyline\Notification\Notification_Alarm.svg"
    LogicalPath="mappView.Resources.Media.SymbolLibSkyline.Notification.Notification_Alarm.svg"
    Type="File"
    LastWriteTime="133466252506604436"
    Private="false" />
  <Object
    Path="C:\repos\local\FactoryIO_Storage\Logical\mappView\Resources\Media\SymbolLibSkyline\Notification\Notification_Maintainance.svg"
    LogicalPath="mappView.Resources.Media.SymbolLibSkyline.Notification.Notification_Maintainance.svg"
    Type="File"
    LastWriteTime="133466252506624380"
    Private="false" />
  <Object
    Path="C:\repos\local\FactoryIO_Storage\Logical\mappView\Resources\Media\SymbolLibSkyline\Notification\Notification_Warning.svg"
    LogicalPath="mappView.Resources.Media.SymbolLibSkyline.Notification.Notification_Warning.svg"
    Type="File"
    LastWriteTime="133466252506634355"
    Private="false" />
  <Object
    Path="C:\repos\local\FactoryIO_Storage\Logical\mappView\Resources\Media\SymbolLibSkyline\Notification\Notification_Information.svg"
    LogicalPath="mappView.Resources.Media.SymbolLibSkyline.Notification.Notification_Information.svg"
    Type="File"
    LastWriteTime="133466252506644330"
    Private="false" />
  <Object
    Path="C:\repos\local\FactoryIO_Storage\Logical\mappView\Resources\Media\SymbolLibSkyline\Notification\Notification_Service.svg"
    LogicalPath="mappView.Resources.Media.SymbolLibSkyline.Notification.Notification_Service.svg"
    Type="File"
    LastWriteTime="133466252506654308"
    Private="false" />
  <Object
    Path="C:\repos\local\FactoryIO_Storage\Logical\mappView\Resources\Media\SymbolLibSkyline\Options\Package.pkg"
    LogicalPath="mappView.Resources.Media.SymbolLibSkyline.Options"
    Type="Package"
    LastWriteTime="133466252506704166" />
  <Object
    Path="C:\repos\local\FactoryIO_Storage\Logical\mappView\Resources\Media\SymbolLibSkyline\Options\Option_Cooling.svg"
    LogicalPath="mappView.Resources.Media.SymbolLibSkyline.Options.Option_Cooling.svg"
    Type="File"
    LastWriteTime="133466252506694194"
    Private="false" />
  <Object
    Path="C:\repos\local\FactoryIO_Storage\Logical\mappView\Resources\Media\SymbolLibSkyline\Options\Option_Heating.svg"
    LogicalPath="mappView.Resources.Media.SymbolLibSkyline.Options.Option_Heating.svg"
    Type="File"
    LastWriteTime="133466252506704166"
    Private="false" />
  <Object
    Path="C:\repos\local\FactoryIO_Storage\Logical\mappView\Resources\Media\SymbolLibSkyline\Units\Package.pkg"
    LogicalPath="mappView.Resources.Media.SymbolLibSkyline.Units"
    Type="Package"
    LastWriteTime="133466252506813873" />
  <Object
    Path="C:\repos\local\FactoryIO_Storage\Logical\mappView\Resources\Media\SymbolLibSkyline\Units\Group.svg"
    LogicalPath="mappView.Resources.Media.SymbolLibSkyline.Units.Group.svg"
    Type="File"
    LastWriteTime="133466252506734085"
    Private="false" />
  <Object
    Path="C:\repos\local\FactoryIO_Storage\Logical\mappView\Resources\Media\SymbolLibSkyline\Units\PointerImage.svg"
    LogicalPath="mappView.Resources.Media.SymbolLibSkyline.Units.PointerImage.svg"
    Type="File"
    LastWriteTime="133466252506744062"
    Private="false" />
  <Object
    Path="C:\repos\local\FactoryIO_Storage\Logical\mappView\Resources\Media\SymbolLibSkyline\Units\Unit_A.svg"
    LogicalPath="mappView.Resources.Media.SymbolLibSkyline.Units.Unit_A.svg"
    Type="File"
    LastWriteTime="133466252506764007"
    Private="false" />
  <Object
    Path="C:\repos\local\FactoryIO_Storage\Logical\mappView\Resources\Media\SymbolLibSkyline\Units\Unit_B.svg"
    LogicalPath="mappView.Resources.Media.SymbolLibSkyline.Units.Unit_B.svg"
    Type="File"
    LastWriteTime="133466252506773977"
    Private="false" />
  <Object
    Path="C:\repos\local\FactoryIO_Storage\Logical\mappView\Resources\Media\SymbolLibSkyline\Units\Unit_C.svg"
    LogicalPath="mappView.Resources.Media.SymbolLibSkyline.Units.Unit_C.svg"
    Type="File"
    LastWriteTime="133466252506783954"
    Private="false" />
  <Object
    Path="C:\repos\local\FactoryIO_Storage\Logical\mappView\Resources\Media\SymbolLibSkyline\Units\Unit_End.svg"
    LogicalPath="mappView.Resources.Media.SymbolLibSkyline.Units.Unit_End.svg"
    Type="File"
    LastWriteTime="133466252506793931"
    Private="false" />
  <Object
    Path="C:\repos\local\FactoryIO_Storage\Logical\mappView\Resources\Media\SymbolLibSkyline\Units\Unit_Start.svg"
    LogicalPath="mappView.Resources.Media.SymbolLibSkyline.Units.Unit_Start.svg"
    Type="File"
    LastWriteTime="133466252506813873"
    Private="false" />
  <Object
    Path="C:\repos\local\FactoryIO_Storage\Logical\OpcTag.opct"
    LogicalPath="OpcTag.opct"
    Type="File"
    LastWriteTime="133466825925214326"
    Private="false" />
  <Object
    Path="C:\repos\local\FactoryIO_Storage\Logical\OpcProperties.opcp"
    LogicalPath="OpcProperties.opcp"
    Type="File"
    LastWriteTime="133466271945637718"
    Private="false" />
  <Object
    Path="C:\repos\local\FactoryIO_Storage\Logical\OpcAlarm.opca"
    LogicalPath="OpcAlarm.opca"
    Type="File"
    LastWriteTime="133466271988796285"
    Private="false" />
  <Object
    Path="C:\repos\local\FactoryIO_Storage\Physical\Config1\Config.pkg"
    LogicalPath="Config1"
    Type="Configuration.ParentUnknown"
    LastWriteTime="133466180025023998" />
  <Object
    Path="C:\repos\local\FactoryIO_Storage\Physical\Config1\Hardware.hw"
    LogicalPath="Config1.Hardware.hw"
    Type="File"
    LastWriteTime="133466823916570691"
    Private="false" />
  <Object
    Path="C:\repos\local\FactoryIO_Storage\Physical\Config1\Hardware.hwl"
    LogicalPath="Config1.Hardware.hwl"
    Type="File"
    LastWriteTime="133466183515337028"
    Private="false" />
  <Object
    Path="C:\repos\local\FactoryIO_Storage\Physical\Config1\PC\Cpu.pkg"
    LogicalPath="Config1.PC"
    Type="Cpu"
    LastWriteTime="133466827166592487" />
  <Object
    Path="C:\repos\local\FactoryIO_Storage\Physical\Config1\PC\Cpu.sw"
    LogicalPath="Config1.PC.Cpu.sw"
    Type="File"
    LastWriteTime="133466196493649825"
    Private="false" />
  <Object
    Path="C:\repos\local\FactoryIO_Storage\Physical\Config1\PC\Cpu.per"
    LogicalPath="Config1.PC.Cpu.per"
    Type="File"
    LastWriteTime="133466179973090523"
    Private="false" />
  <Object
    Path="C:\repos\local\FactoryIO_Storage\Physical\Config1\PC\IoMap.iom"
    LogicalPath="Config1.PC.IoMap.iom"
    Type="File"
    LastWriteTime="133466179973108500"
    Private="false" />
  <Object
    Path="C:\repos\local\FactoryIO_Storage\Physical\Config1\PC\PvMap.vvm"
    LogicalPath="Config1.PC.PvMap.vvm"
    Type="File"
    LastWriteTime="133466179973236948"
    Private="false" />
  <Object
    Path="C:\repos\local\FactoryIO_Storage\Physical\Config1\PC\Connectivity\Package.pkg"
    LogicalPath="Config1.PC.Connectivity"
    Type="Package"
    LastWriteTime="133466821225621906" />
  <Object
    Path="C:\repos\local\FactoryIO_Storage\Physical\Config1\PC\Connectivity\OpcUA\Package.pkg"
    LogicalPath="Config1.PC.Connectivity.OpcUA"
    Type="Package"
    LastWriteTime="133466821635263207" />
  <Object
    Path="C:\repos\local\FactoryIO_Storage\Physical\Config1\PC\Connectivity\OpcUA\OpcUaMap.uad"
    LogicalPath="Config1.PC.Connectivity.OpcUA.OpcUaMap.uad"
    Type="File"
    LastWriteTime="133466829683115496"
    Private="false" />
  <Object
    Path="C:\repos\local\FactoryIO_Storage\Physical\Config1\PC\Connectivity\OpcUA\OpcUa.uanodeset"
    LogicalPath="Config1.PC.Connectivity.OpcUA.OpcUa.uanodeset"
    Type="File"
    LastWriteTime="133466821531180193"
    Private="false" />
  <Object
    Path="C:\repos\local\FactoryIO_Storage\Physical\Config1\PC\TextSystem\Package.pkg"
    LogicalPath="Config1.PC.TextSystem"
    Type="Package"
    LastWriteTime="133466179973591114" />
  <Object
    Path="C:\repos\local\FactoryIO_Storage\Physical\Config1\PC\UnitSystem\Package.pkg"
    LogicalPath="Config1.PC.UnitSystem"
    Type="Package"
    LastWriteTime="133466179973621037" />
  <Object
    Path="C:\repos\local\FactoryIO_Storage\Physical\Config1\PC\AccessAndSecurity\Package.pkg"
    LogicalPath="Config1.PC.AccessAndSecurity"
    Type="Package"
    LastWriteTime="133466179973930209" />
  <Object
    Path="C:\repos\local\FactoryIO_Storage\Physical\Config1\PC\AccessAndSecurity\UserRoleSystem\Package.pkg"
    LogicalPath="Config1.PC.AccessAndSecurity.UserRoleSystem"
    Type="Package"
    LastWriteTime="133466179973710791" />
  <Object
    Path="C:\repos\local\FactoryIO_Storage\Physical\Config1\PC\AccessAndSecurity\UserRoleSystem\Role.role"
    LogicalPath="Config1.PC.AccessAndSecurity.UserRoleSystem.Role.role"
    Type="File"
    LastWriteTime="133466179973690852"
    Private="false" />
  <Object
    Path="C:\repos\local\FactoryIO_Storage\Physical\Config1\PC\AccessAndSecurity\UserRoleSystem\User.user"
    LogicalPath="Config1.PC.AccessAndSecurity.UserRoleSystem.User.user"
    Type="File"
    LastWriteTime="133466823917471004"
    Private="false" />
  <Object
    Path="C:\repos\local\FactoryIO_Storage\Physical\Config1\PC\AccessAndSecurity\CertificateStore\Package.pkg"
    LogicalPath="Config1.PC.AccessAndSecurity.CertificateStore"
    Type="Package"
    LastWriteTime="133466179973870362" />
  <Object
    Path="C:\repos\local\FactoryIO_Storage\Physical\Config1\PC\AccessAndSecurity\CertificateStore\OwnCertificates\Package.pkg"
    LogicalPath="Config1.PC.AccessAndSecurity.CertificateStore.OwnCertificates"
    Type="Package"
    LastWriteTime="133466179973790584" />
  <Object
    Path="C:\repos\local\FactoryIO_Storage\Physical\Config1\PC\AccessAndSecurity\CertificateStore\OwnCertificates\Certificates\Package.pkg"
    LogicalPath="Config1.PC.AccessAndSecurity.CertificateStore.OwnCertificates.Certificates"
    Type="Package"
    LastWriteTime="133466179973760658" />
  <Object
    Path="C:\repos\local\FactoryIO_Storage\Physical\Config1\PC\AccessAndSecurity\CertificateStore\OwnCertificates\PrivateKeys\Package.pkg"
    LogicalPath="Config1.PC.AccessAndSecurity.CertificateStore.OwnCertificates.PrivateKeys"
    Type="Package"
    LastWriteTime="133466179973780610" />
  <Object
    Path="C:\repos\local\FactoryIO_Storage\Physical\Config1\PC\AccessAndSecurity\CertificateStore\ThirdPartyCertificates\Package.pkg"
    LogicalPath="Config1.PC.AccessAndSecurity.CertificateStore.ThirdPartyCertificates"
    Type="Package"
    LastWriteTime="133466179973830473" />
  <Object
    Path="C:\repos\local\FactoryIO_Storage\Physical\Config1\PC\AccessAndSecurity\CertificateStore\ThirdPartyCertificates\SoftwareCertificates\Package.pkg"
    LogicalPath="Config1.PC.AccessAndSecurity.CertificateStore.ThirdPartyCertificates.SoftwareCertificates"
    Type="Package"
    LastWriteTime="133466179973820500" />
  <Object
    Path="C:\repos\local\FactoryIO_Storage\Physical\Config1\PC\AccessAndSecurity\CertificateStore\CertificateRevocationLists\Package.pkg"
    LogicalPath="Config1.PC.AccessAndSecurity.CertificateStore.CertificateRevocationLists"
    Type="Package"
    LastWriteTime="133466179973850422" />
  <Object
    Path="C:\repos\local\FactoryIO_Storage\Physical\Config1\PC\AccessAndSecurity\CertificateStore\CertificateSigningRequests\Package.pkg"
    LogicalPath="Config1.PC.AccessAndSecurity.CertificateStore.CertificateSigningRequests"
    Type="Package"
    LastWriteTime="133466179973870362" />
  <Object
    Path="C:\repos\local\FactoryIO_Storage\Physical\Config1\PC\AccessAndSecurity\TransportLayerSecurity\Package.pkg"
    LogicalPath="Config1.PC.AccessAndSecurity.TransportLayerSecurity"
    Type="Package"
    LastWriteTime="133466179973890312" />
  <Object
    Path="C:\repos\local\FactoryIO_Storage\Physical\Config1\PC\AccessAndSecurity\Firewall\Package.pkg"
    LogicalPath="Config1.PC.AccessAndSecurity.Firewall"
    Type="Package"
    LastWriteTime="133466179973930209" />
  <Object
    Path="C:\repos\local\FactoryIO_Storage\Physical\Config1\PC\AccessAndSecurity\Firewall\Rules.firewallRules"
    LogicalPath="Config1.PC.AccessAndSecurity.Firewall.Rules.firewallRules"
    Type="File"
    LastWriteTime="133466179973920230"
    Private="false" />
  <Object
    Path="C:\repos\local\FactoryIO_Storage\Physical\Config1\PC\mappControl\Package.pkg"
    LogicalPath="Config1.PC.mappControl"
    Type="Package"
    LastWriteTime="133466179974029946" />
  <Object
    Path="C:\repos\local\FactoryIO_Storage\Physical\Config1\PC\mappMotion\Package.pkg"
    LogicalPath="Config1.PC.mappMotion"
    Type="Package"
    LastWriteTime="133466179974199486" />
  <Object
    Path="C:\repos\local\FactoryIO_Storage\Physical\Config1\PC\mappServices\Package.pkg"
    LogicalPath="Config1.PC.mappServices"
    Type="Package"
    LastWriteTime="133466179974229406" />
  <Object
    Path="C:\repos\local\FactoryIO_Storage\Physical\Config1\PC\mappSafety\Package.pkg"
    LogicalPath="Config1.PC.mappSafety"
    Type="Package"
    LastWriteTime="133466179974299227" />
  <Object
    Path="C:\repos\local\FactoryIO_Storage\Physical\Config1\PC\mappSafety\SafeApplication\Package.pkg"
    LogicalPath="Config1.PC.mappSafety.SafeApplication"
    Type="Package"
    LastWriteTime="133466179974269303" />
  <Object
    Path="C:\repos\local\FactoryIO_Storage\Physical\Config1\PC\mappSafety\SafeCommissioning\Package.pkg"
    LogicalPath="Config1.PC.mappSafety.SafeCommissioning"
    Type="Package"
    LastWriteTime="133466179974289252" />
  <Object
    Path="C:\repos\local\FactoryIO_Storage\Physical\Config1\PC\mappView\Package.pkg"
    LogicalPath="Config1.PC.mappView"
    Type="Package"
    LastWriteTime="133466179974329139" />
  <Object
    Path="C:\repos\local\FactoryIO_Storage\Physical\Config1\PC\mappVision\Package.pkg"
    LogicalPath="Config1.PC.mappVision"
    Type="Package"
    LastWriteTime="133466179974349090" />
  <Object
    Path="C:\repos\local\FactoryIO_Storage\Physical\Config1\PC\mappCockpit\Package.pkg"
    LogicalPath="Config1.PC.mappCockpit"
    Type="Package"
    LastWriteTime="133466179974379008" />
  <Object
    Path="C:\repos\local\FactoryIO_Storage\Physical\Config1\Hardware.jpg"
    LogicalPath="Config1.Hardware.jpg"
    Type="File"
    LastWriteTime="133466183515891650"
    Private="false" />
</Objects>